[ERROR] ./test-recurse-subpackages.sh:8 command failed
[ERROR] /bin/bash:8 command failed
[ERROR] /bin/bash:8 command failed
[ERROR] /bin/bash:8 command failed
[ERROR] /bin/bash:8 command failed
[ERROR] /bin/bash:8 command failed
[ERROR] /bin/bash:8 command failed
[ERROR] /bin/bash:8 command failed
[ERROR] /bin/bash:13 Subpackages recursive test was failed. Root package was not tested.
[ERROR] /bin/bash:17 Subpackages recursive test was failed. Subpackage "subpkg1" was not tested.
[ERROR] /bin/bash:15 Subpackages recursive test was failed. Subpackage "subpkg1" was not tested.
[ERROR] /bin/bash:15 Subpackages recursive test was failed. Subpackage "subpkg1" was not tested.
[ERROR] /bin/bash:16 Subpackages recursive test was failed. Subpackage "subpkg1" was not tested.
[ERROR] /bin/bash:16 Subpackages recursive test was failed. Subpackage "subpkg1" was not tested.
[ERROR] /bin/bash:17 Subpackages recursive test was failed. Subpackage "subpkg1" was not tested.
[ERROR] /bin/bash:17 Subpackages recursive test was failed. Subpackage "subpkg1" was not tested.
[ERROR] /bin/bash:17 Subpackages recursive test was failed. Subpackage "subpkg1" was not tested.
[ERROR] /bin/bash:8 command failed
[ERROR] /bin/bash:25 Subpackages recursive test was failed. Subpackage "subpkg3" was not tested.
[ERROR] /bin/bash:25 Subpackages recursive test was failed. Subpackage "subpkg3" was not tested.
[ERROR] /bin/bash:25 Subpackages recursive test was failed. Subpackage "subpkg3" was not tested.
[ERROR] /bin/bash:25 Subpackages recursive test was failed. Subpackage "subpkg3" was not tested.
[ERROR] /bin/bash:25 Subpackages recursive test was failed. Subpackage "subpkg3" was not tested.
[ERROR] /bin/bash:8 command failed
[ERROR] /bin/bash:11 Subpackages recursive test was failed. Root package was not tested.
[ERROR] /bin/bash:8 command failed
[ERROR] /bin/bash:8 command failed
[ERROR] /bin/bash:8 command failed
[ERROR] /bin/bash:8 command failed
[ERROR] /bin/bash:8 command failed
[ERROR] /bin/bash:8 command failed
[ERROR] /bin/bash:13 Normal test was failed. Root package was not tested.
[ERROR] /bin/bash:16 Subpackages recursive test was failed. Root package was not tested.
[ERROR] /bin/bash:23 source
[ERROR] /bin/bash:23 source
[ERROR] /bin/bash:23 source
[ERROR] /bin/bash:23 source
[ERROR] /bin/bash:23 source
[ERROR] /bin/bash:27 source
[ERROR] /bin/bash:24 Subpackages recursive test was failed. Root package was not tested.
[ERROR] /bin/bash:23 Normal test was failed. Root package was not tested.
[ERROR] /bin/bash:34 Subpackages recursive test was failed. Subpackage "subpkg2" was not tested.
[ERROR] /bin/bash:23 command failed
[ERROR] /bin/bash:25 command failed
[ERROR] /bin/bash:23 Normal test was failed. Root package was not tested.
[ERROR] /bin/bash:25 command failed
